[debug] [2025-09-26T19:45:31.695Z] ----------------------------------------------------------------------
[debug] [2025-09-26T19:45:31.706Z] Command:       /home/krish/.nvm/versions/node/v22.14.0/bin/node /home/krish/.nvm/versions/node/v22.14.0/bin/firebase init functions
[debug] [2025-09-26T19:45:31.707Z] CLI Version:   14.17.0
[debug] [2025-09-26T19:45:31.707Z] Platform:      linux
[debug] [2025-09-26T19:45:31.707Z] Node Version:  v22.14.0
[debug] [2025-09-26T19:45:31.707Z] Time:          Fri Sep 26 2025 19:45:31 GMT+0000 (Coordinated Universal Time)
[debug] [2025-09-26T19:45:31.708Z] ----------------------------------------------------------------------
[debug] 
[debug] [2025-09-26T19:45:31.714Z] > command requires scopes: ["email","openid","https://www.googleapis.com/auth/cloudplatformprojects.readonly","https://www.googleapis.com/auth/firebase","https://www.googleapis.com/auth/cloud-platform"]
[debug] [2025-09-26T19:45:31.715Z] > authorizing via signed-in user (krishnamani468@gmail.com)
[info] 
     ######## #### ########  ######## ########     ###     ######  ########
     ##        ##  ##     ## ##       ##     ##  ##   ##  ##       ##
     ######    ##  ########  ######   ########  #########  ######  ######
     ##        ##  ##    ##  ##       ##     ## ##     ##       ## ##
     ##       #### ##     ## ######## ########  ##     ##  ######  ########

You're about to initialize a Firebase project in this directory:

  /home/krish/MERN_TM/server

[info] 
=== Project Setup
[info] 
[info] First, let's associate this project directory with a Firebase project.
[info] You can create multiple project aliases by running firebase use --add, 
[info] but for now we'll just set up a default project.
[info] 
[debug] [2025-09-26T19:45:50.125Z] ExitPromptError: User force closed the prompt with SIGINT
    at Interface.sigint (/home/krish/.nvm/versions/node/v22.14.0/lib/node_modules/firebase-tools/node_modules/@inquirer/core/dist/commonjs/lib/create-prompt.js:101:37)
    at Interface.emit (node:events:518:28)
    at Interface.emit (node:domain:489:12)
    at [_ttyWrite] [as _ttyWrite] (node:internal/readline/interface:1124:18)
    at ReadStream.onkeypress (node:internal/readline/interface:263:20)
    at ReadStream.emit (node:events:530:35)
    at ReadStream.emit (node:domain:489:12)
    at emitKeys (node:internal/readline/utils:370:14)
    at emitKeys.next (<anonymous>)
    at ReadStream.onData (node:internal/readline/emitKeypressEvents:64:36)
[error] 
[error] Error: An unexpected error has occurred.
